     1                                  	BITS 16
     2                                  
     3                                  start:
     4 00000000 B8C007                  	mov ax, 07c0h
     5 00000003 052001                  	add ax, 288
     6 00000006 8ED0                    	mov ss, ax
     7 00000008 BC0010                  	mov sp, 4096
     8                                  	
     9 0000000B B8C007                  	mov ax, 07c0h
    10 0000000E 8ED8                    	mov ds, ax
    11                                  
    12 00000010 BE[2100]                	mov si, text_string
    13                                  
    14 00000013 E9(1800)                	jmp ($-$$+2+3)	
    15 00000016 E81E00                  	call print_string
    16 00000019 BE[2100]                	mov si, text_string
    17 0000001C E81800                  	call print_string
    18                                  
    19                                  	
    20 0000001F EBFE                    	jmp $
    21                                  
    22 00000021 54686973206973206D-     	text_string db 'This is my first OS', 0ah, 0dh, 0
    23 0000002A 79206669727374204F-
    24 00000033 530A0D00           
    25                                  
    26                                  print_string:
    27 00000037 B40E                    	mov ah, 0Eh
    28                                  
    29                                  .repeat:
    30 00000039 AC                      	lodsb
    31 0000003A 3C00                    	cmp al, 0
    32 0000003C 7404                    	je .done
    33 0000003E CD10                    	int 10h
    34 00000040 EBF7                    	jmp .repeat
    35                                  
    36                                  .done:
    37 00000042 C3                      	ret
    38                                  
    39                                  
    40 00000043 00<rept>                	times 510-($-$$) db 0
    41 000001FE 55AA                    	dw 0xAA55
