     1                                  	BITS 16
     2                                  
     3                                  start:
     4 00000000 B8C007                  	mov ax, 07c0h
     5 00000003 052001                  	add ax, 288
     6 00000006 8ED0                    	mov ss, ax
     7 00000008 BC0010                  	mov sp, 4096
     8                                  	
     9 0000000B B8C007                  	mov ax, 07c0h
    10 0000000E 8ED8                    	mov ds, ax
    11                                  
    12 00000010 BE[1900]                	mov si, text_string
    13 00000013 50                      	push ax
    14 00000014 EB17                    	jmp print_string
    15                                  re_call1:
    16 00000016 58                      	pop ax
    17                                  
    18 00000017 EBFE                    	jmp $
    19                                  
    20 00000019 54686973206973206D-     	text_string db 'This is my first OS', 0
    21 00000022 79206669727374204F-
    22 0000002B 5300               
    23                                  
    24                                  print_string:
    25 0000002D B40E                    	mov ah, 0Eh
    26                                  
    27                                  .repeat:
    28 0000002F AC                      	lodsb
    29 00000030 3C00                    	cmp al, 0
    30 00000032 7404                    	je .done
    31 00000034 CD10                    	int 10h
    32 00000036 EBF7                    	jmp .repeat
    33                                  
    34                                  .done:
    35 00000038 EBDC                    	jmp re_call1
    36                                  
    37                                  
    38 0000003A 00<rept>                	times 510-($-$$) db 0
    39 000001FE 55AA                    	dw 0xAA55
